<?xml version="1.0" encoding="UTF-8"?>
<testsuites name="API_TEST_SUITE" time="8.929" tests="2" failures="0" errors="0">
   <testsuite name="API_TEST_SUITE" tests="2" failures="0" errors="0" time="8.929" skipped="0" timestamp="2566-11-07 11:15:32" hostname="Wisanu - GA006556-Wisanu" id="Test Suites/API_TEST_SUITE">
      <properties>
         <property name="deviceName" value=""/>
         <property name="devicePlatform" value=""/>
         <property name="logFolder" value="C:\\Users\\Admin\\git\\api-testing-demo\\Reports\\25661107_111521\\API_TEST_SUITE\\25661107_111521"/>
         <property name="logFiles" value="C:\\Users\\Admin\\git\\api-testing-demo\\Reports\\25661107_111521\\API_TEST_SUITE\\25661107_111521\\execution0.log"/>
         <property name="attachments" value=""/>
         <property name="hostName" value="Wisanu - GA006556-Wisanu"/>
         <property name="hostAddress" value="192.168.1.5"/>
         <property name="os" value="Windows 11 64bit"/>
         <property name="katalonVersion" value="8.6.6.208"/>
      </properties>
      <testcase name="Test Cases/REST_API_TEST1" time="5.698" classname="Test Cases/REST_API_TEST1" status="PASSED">
         <system-out><![CDATA[2566-11-07 11:15:32 - [TEST_CASE][PASSED] - Test Cases/REST_API_TEST1: Test Cases/REST_API_TEST1

2566-11-07 11:15:32 - [TEST_STEP][PASSED] - sendRequestAndVerify(findTestObject("API/REST/GetUserList")): Send request and verify the response successfully

2566-11-07 11:15:35 - [MESSAGE][INFO] - HAR: C:\Users\Admin\git\api-testing-demo\Reports\25661107_111521\API_TEST_SUITE\25661107_111521\requests\main\0.har

2566-11-07 11:15:35 - [TEST_CASE][PASSED] - Start Test Case : Verification: Verification accomplished successfully

2566-11-07 11:15:35 - [TEST_STEP][PASSED] - request = getInstance().getCurrentRequest(): null

2566-11-07 11:15:35 - [TEST_STEP][PASSED] - response = getInstance().getCurrentResponse(): null

2566-11-07 11:15:35 - [TEST_STEP][PASSED] - verifyResponseStatusCode(response, 200): Verify response status code successfully

2566-11-07 11:15:35 - [MESSAGE][PASSED] - Verify response status code successfully

2566-11-07 11:15:35 - [TEST_STEP][PASSED] - getStatusCode()).isEqualTo(200): null

2566-11-07 11:15:35 - [MESSAGE][PASSED] - Verify response successfully

2566-11-07 11:15:35 - [MESSAGE][PASSED] - All validation steps have been passed

2566-11-07 11:15:35 - [MESSAGE][PASSED] - Send request and verify the response successfully

2566-11-07 11:15:35 - [TEST_STEP][PASSED] - sendRequestAndVerify(findTestObject("API/REST/CreateUser")): Send request and verify the response successfully

2566-11-07 11:15:36 - [MESSAGE][INFO] - HAR: C:\Users\Admin\git\api-testing-demo\Reports\25661107_111521\API_TEST_SUITE\25661107_111521\requests\main\1.har

2566-11-07 11:15:36 - [TEST_CASE][PASSED] - Start Test Case : Verification: Verification accomplished successfully

2566-11-07 11:15:36 - [TEST_STEP][PASSED] - request = getInstance().getCurrentRequest(): null

2566-11-07 11:15:36 - [TEST_STEP][PASSED] - response = getInstance().getCurrentResponse(): null

2566-11-07 11:15:36 - [TEST_STEP][PASSED] - verifyResponseStatusCode(response, 201): Verify response status code successfully

2566-11-07 11:15:36 - [MESSAGE][PASSED] - Verify response status code successfully

2566-11-07 11:15:36 - [TEST_STEP][PASSED] - getStatusCode()).isEqualTo(201): null

2566-11-07 11:15:36 - [MESSAGE][PASSED] - Verify response successfully

2566-11-07 11:15:36 - [MESSAGE][PASSED] - All validation steps have been passed

2566-11-07 11:15:36 - [MESSAGE][PASSED] - Send request and verify the response successfully

2566-11-07 11:15:36 - [TEST_STEP][PASSED] - sendRequestAndVerify(findTestObject("API/REST/UpdateUser")): Send request and verify the response successfully

2566-11-07 11:15:37 - [MESSAGE][INFO] - HAR: C:\Users\Admin\git\api-testing-demo\Reports\25661107_111521\API_TEST_SUITE\25661107_111521\requests\main\2.har

2566-11-07 11:15:37 - [TEST_CASE][PASSED] - Start Test Case : Verification: Verification accomplished successfully

2566-11-07 11:15:37 - [TEST_STEP][PASSED] - request = getInstance().getCurrentRequest(): null

2566-11-07 11:15:37 - [TEST_STEP][PASSED] - response = getInstance().getCurrentResponse(): null

2566-11-07 11:15:37 - [TEST_STEP][PASSED] - verifyResponseStatusCode(response, 200): Verify response status code successfully

2566-11-07 11:15:37 - [MESSAGE][PASSED] - Verify response status code successfully

2566-11-07 11:15:37 - [TEST_STEP][PASSED] - getStatusCode()).isEqualTo(200): null

2566-11-07 11:15:37 - [MESSAGE][PASSED] - Verify response successfully

2566-11-07 11:15:37 - [MESSAGE][PASSED] - All validation steps have been passed

2566-11-07 11:15:37 - [MESSAGE][PASSED] - Send request and verify the response successfully

2566-11-07 11:15:37 - [TEST_STEP][PASSED] - sendRequestAndVerify(findTestObject("API/REST/DeleteUser")): Send request and verify the response successfully

2566-11-07 11:15:37 - [MESSAGE][INFO] - HAR: C:\Users\Admin\git\api-testing-demo\Reports\25661107_111521\API_TEST_SUITE\25661107_111521\requests\main\3.har

2566-11-07 11:15:37 - [TEST_CASE][PASSED] - Start Test Case : Verification: Verification accomplished successfully

2566-11-07 11:15:38 - [TEST_STEP][PASSED] - request = getInstance().getCurrentRequest(): null

2566-11-07 11:15:38 - [TEST_STEP][PASSED] - response = getInstance().getCurrentResponse(): null

2566-11-07 11:15:38 - [TEST_STEP][PASSED] - verifyResponseStatusCode(response, 204): Verify response status code successfully

2566-11-07 11:15:38 - [MESSAGE][PASSED] - Verify response status code successfully

2566-11-07 11:15:38 - [TEST_STEP][PASSED] - getStatusCode()).isEqualTo(204): null

2566-11-07 11:15:38 - [MESSAGE][PASSED] - Verify response successfully

2566-11-07 11:15:38 - [MESSAGE][PASSED] - All validation steps have been passed

2566-11-07 11:15:38 - [MESSAGE][PASSED] - Send request and verify the response successfully]]></system-out>
         <system-err><![CDATA[]]></system-err>
      </testcase>
      <testcase name="Test Cases/SOAP_API_TEST1" time="2.903" classname="Test Cases/SOAP_API_TEST1" status="PASSED">
         <system-out><![CDATA[2566-11-07 11:15:38 - [TEST_CASE][PASSED] - Test Cases/SOAP_API_TEST1: Test Cases/SOAP_API_TEST1

2566-11-07 11:15:38 - [TEST_STEP][PASSED] - sendRequestAndVerify(findTestObject("SOAP/AddInteger")): Send request and verify the response successfully

2566-11-07 11:15:39 - [MESSAGE][INFO] - HAR: C:\Users\Admin\git\api-testing-demo\Reports\25661107_111521\API_TEST_SUITE\25661107_111521\requests\main\4.har

2566-11-07 11:15:39 - [TEST_CASE][PASSED] - Start Test Case : Verification: Verification accomplished successfully

2566-11-07 11:15:39 - [TEST_STEP][PASSED] - request = getInstance().getCurrentRequest(): null

2566-11-07 11:15:39 - [TEST_STEP][PASSED] - response = getInstance().getCurrentResponse(): null

2566-11-07 11:15:39 - [TEST_STEP][PASSED] - verifyResponseStatusCode(response, 200): Verify response status code successfully

2566-11-07 11:15:39 - [MESSAGE][PASSED] - Verify response status code successfully

2566-11-07 11:15:39 - [TEST_STEP][PASSED] - getStatusCode()).isEqualTo(200): null

2566-11-07 11:15:39 - [MESSAGE][PASSED] - Verify response successfully

2566-11-07 11:15:39 - [MESSAGE][PASSED] - All validation steps have been passed

2566-11-07 11:15:39 - [MESSAGE][PASSED] - Send request and verify the response successfully

2566-11-07 11:15:39 - [TEST_STEP][PASSED] - sendRequestAndVerify(findTestObject("SOAP/SOAP Service/SOAPDemoSoap/DivideInteger")): Send request and verify the response successfully

2566-11-07 11:15:40 - [MESSAGE][INFO] - HAR: C:\Users\Admin\git\api-testing-demo\Reports\25661107_111521\API_TEST_SUITE\25661107_111521\requests\main\5.har

2566-11-07 11:15:40 - [TEST_CASE][PASSED] - Start Test Case : Verification: Verification accomplished successfully

2566-11-07 11:15:41 - [TEST_STEP][PASSED] - request = getInstance().getCurrentRequest(): null

2566-11-07 11:15:41 - [TEST_STEP][PASSED] - response = getInstance().getCurrentResponse(): null

2566-11-07 11:15:41 - [TEST_STEP][PASSED] - verifyResponseStatusCode(response, 200): Verify response status code successfully

2566-11-07 11:15:41 - [MESSAGE][PASSED] - Verify response status code successfully

2566-11-07 11:15:41 - [TEST_STEP][PASSED] - getStatusCode()).isEqualTo(200): null

2566-11-07 11:15:41 - [MESSAGE][PASSED] - Verify response successfully

2566-11-07 11:15:41 - [MESSAGE][PASSED] - All validation steps have been passed

2566-11-07 11:15:41 - [MESSAGE][PASSED] - Send request and verify the response successfully]]></system-out>
         <system-err><![CDATA[]]></system-err>
      </testcase>
      <system-out><![CDATA[2566-11-07 11:15:32 - [TEST_SUITE][PASSED] - API_TEST_SUITE: Test Cases/SOAP_API_TEST1]]></system-out>
      <system-err><![CDATA[]]></system-err>
   </testsuite>
</testsuites>
