<?xml version="1.0" encoding="UTF-8"?>
<testsuites name="REST_API_TEST_SUITE" time="6.043" tests="1" failures="0" errors="0">
   <testsuite name="REST_API_TEST_SUITE" tests="1" failures="0" errors="0" time="6.043" skipped="0" timestamp="2566-11-07 10:40:10" hostname="Wisanu - GA006556-Wisanu" id="Test Suites/REST_API_TEST_SUITE">
      <properties>
         <property name="deviceName" value=""/>
         <property name="devicePlatform" value=""/>
         <property name="logFolder" value="C:\\Users\\Admin\\git\\api-testing-demo\\Reports\\25661107_103958\\REST_API_TEST_SUITE\\25661107_103959"/>
         <property name="logFiles" value="C:\\Users\\Admin\\git\\api-testing-demo\\Reports\\25661107_103958\\REST_API_TEST_SUITE\\25661107_103959\\execution0.log"/>
         <property name="attachments" value=""/>
         <property name="hostName" value="Wisanu - GA006556-Wisanu"/>
         <property name="hostAddress" value="192.168.1.5"/>
         <property name="os" value="Windows 11 64bit"/>
         <property name="katalonVersion" value="8.6.6.208"/>
      </properties>
      <testcase name="Test Cases/REST_API_TEST1" time="5.727" classname="Test Cases/REST_API_TEST1" status="PASSED">
         <system-out><![CDATA[2566-11-07 10:40:10 - [TEST_CASE][PASSED] - Test Cases/REST_API_TEST1: Test Cases/REST_API_TEST1

2566-11-07 10:40:10 - [TEST_STEP][PASSED] - sendRequestAndVerify(findTestObject("API/REST/GetUserList")): Send request and verify the response successfully

2566-11-07 10:40:13 - [MESSAGE][INFO] - HAR: C:\Users\Admin\git\api-testing-demo\Reports\25661107_103958\REST_API_TEST_SUITE\25661107_103959\requests\main\0.har

2566-11-07 10:40:13 - [TEST_CASE][PASSED] - Start Test Case : Verification: Verification accomplished successfully

2566-11-07 10:40:13 - [TEST_STEP][PASSED] - request = getInstance().getCurrentRequest(): null

2566-11-07 10:40:13 - [TEST_STEP][PASSED] - response = getInstance().getCurrentResponse(): null

2566-11-07 10:40:13 - [TEST_STEP][PASSED] - verifyResponseStatusCode(response, 200): Verify response status code successfully

2566-11-07 10:40:13 - [MESSAGE][PASSED] - Verify response status code successfully

2566-11-07 10:40:13 - [TEST_STEP][PASSED] - getStatusCode()).isEqualTo(200): null

2566-11-07 10:40:13 - [MESSAGE][PASSED] - Verify response successfully

2566-11-07 10:40:13 - [MESSAGE][PASSED] - All validation steps have been passed

2566-11-07 10:40:13 - [MESSAGE][PASSED] - Send request and verify the response successfully

2566-11-07 10:40:13 - [TEST_STEP][PASSED] - sendRequestAndVerify(findTestObject("API/REST/CreateUser")): Send request and verify the response successfully

2566-11-07 10:40:14 - [MESSAGE][INFO] - HAR: C:\Users\Admin\git\api-testing-demo\Reports\25661107_103958\REST_API_TEST_SUITE\25661107_103959\requests\main\1.har

2566-11-07 10:40:14 - [TEST_CASE][PASSED] - Start Test Case : Verification: Verification accomplished successfully

2566-11-07 10:40:14 - [TEST_STEP][PASSED] - request = getInstance().getCurrentRequest(): null

2566-11-07 10:40:14 - [TEST_STEP][PASSED] - response = getInstance().getCurrentResponse(): null

2566-11-07 10:40:14 - [TEST_STEP][PASSED] - verifyResponseStatusCode(response, 201): Verify response status code successfully

2566-11-07 10:40:14 - [MESSAGE][PASSED] - Verify response status code successfully

2566-11-07 10:40:14 - [TEST_STEP][PASSED] - getStatusCode()).isEqualTo(201): null

2566-11-07 10:40:14 - [MESSAGE][PASSED] - Verify response successfully

2566-11-07 10:40:14 - [MESSAGE][PASSED] - All validation steps have been passed

2566-11-07 10:40:14 - [MESSAGE][PASSED] - Send request and verify the response successfully

2566-11-07 10:40:14 - [TEST_STEP][PASSED] - sendRequestAndVerify(findTestObject("API/REST/UpdateUser")): Send request and verify the response successfully

2566-11-07 10:40:15 - [MESSAGE][INFO] - HAR: C:\Users\Admin\git\api-testing-demo\Reports\25661107_103958\REST_API_TEST_SUITE\25661107_103959\requests\main\2.har

2566-11-07 10:40:15 - [TEST_CASE][PASSED] - Start Test Case : Verification: Verification accomplished successfully

2566-11-07 10:40:15 - [TEST_STEP][PASSED] - request = getInstance().getCurrentRequest(): null

2566-11-07 10:40:15 - [TEST_STEP][PASSED] - response = getInstance().getCurrentResponse(): null

2566-11-07 10:40:15 - [TEST_STEP][PASSED] - verifyResponseStatusCode(response, 200): Verify response status code successfully

2566-11-07 10:40:15 - [MESSAGE][PASSED] - Verify response status code successfully

2566-11-07 10:40:15 - [TEST_STEP][PASSED] - getStatusCode()).isEqualTo(200): null

2566-11-07 10:40:15 - [MESSAGE][PASSED] - Verify response successfully

2566-11-07 10:40:15 - [MESSAGE][PASSED] - All validation steps have been passed

2566-11-07 10:40:15 - [MESSAGE][PASSED] - Send request and verify the response successfully

2566-11-07 10:40:15 - [TEST_STEP][PASSED] - sendRequestAndVerify(findTestObject("API/REST/DeleteUser")): Send request and verify the response successfully

2566-11-07 10:40:15 - [MESSAGE][INFO] - HAR: C:\Users\Admin\git\api-testing-demo\Reports\25661107_103958\REST_API_TEST_SUITE\25661107_103959\requests\main\3.har

2566-11-07 10:40:16 - [TEST_CASE][PASSED] - Start Test Case : Verification: Verification accomplished successfully

2566-11-07 10:40:16 - [TEST_STEP][PASSED] - request = getInstance().getCurrentRequest(): null

2566-11-07 10:40:16 - [TEST_STEP][PASSED] - response = getInstance().getCurrentResponse(): null

2566-11-07 10:40:16 - [TEST_STEP][PASSED] - verifyResponseStatusCode(response, 204): Verify response status code successfully

2566-11-07 10:40:16 - [MESSAGE][PASSED] - Verify response status code successfully

2566-11-07 10:40:16 - [TEST_STEP][PASSED] - getStatusCode()).isEqualTo(204): null

2566-11-07 10:40:16 - [MESSAGE][PASSED] - Verify response successfully

2566-11-07 10:40:16 - [MESSAGE][PASSED] - All validation steps have been passed

2566-11-07 10:40:16 - [MESSAGE][PASSED] - Send request and verify the response successfully]]></system-out>
         <system-err><![CDATA[]]></system-err>
      </testcase>
      <system-out><![CDATA[2566-11-07 10:40:10 - [TEST_SUITE][PASSED] - REST_API_TEST_SUITE: Test Cases/REST_API_TEST1]]></system-out>
      <system-err><![CDATA[]]></system-err>
   </testsuite>
</testsuites>
